<?xml version="1.0" encoding="UTF-8"?>
<!-- Generated by org.testng.reporters.JUnitXMLReporter -->
<testsuite ignored="1" hostname="LAPTOP-5GJO4B5V" failures="0" tests="1" name="Default test" time="35.945" errors="0" timestamp="2022-09-14T14:08:21 IST">
  <testcase classname="testcases.MenTestCases" name="searchForFormalShirts" time="31.746"/>
  <testcase classname="testcases.MenTestCases" name="SearchPopularityResult" time="0.0">
    <ignored/>
  </testcase> <!-- SearchPopularityResult -->
</testsuite> <!-- Default test -->
