<?xml version="1.0" encoding="UTF-8"?>
<testng-results ignored="1" total="2" passed="1" failed="0" skipped="0">
  <reporter-output>
  </reporter-output>
  <suite started-at="2022-08-18T18:23:38 IST" name="Default suite" finished-at="2022-08-18T18:24:13 IST" duration-ms="35142">
    <groups>
    </groups>
    <test started-at="2022-08-18T18:23:38 IST" name="Default test" finished-at="2022-08-18T18:24:13 IST" duration-ms="35142">
      <class name="testcases.MenTestCases">
        <test-method is-config="true" signature="setUp(java.lang.String)[pri:0, instance:testcases.MenTestCases@3e27ba32]" started-at="2022-08-18T18:23:38 IST" name="setUp" finished-at="2022-08-18T18:23:40 IST" duration-ms="1790" status="PASS">
          <params>
            <param index="0">
              <value is-null="true"/>
            </param>
          </params>
          <reporter-output>
          </reporter-output>
        </test-method> <!-- setUp -->
        <test-method signature="searchForFormalShirts()[pri:0, instance:testcases.MenTestCases@3e27ba32]" started-at="2022-08-18T18:23:40 IST" name="searchForFormalShirts" finished-at="2022-08-18T18:24:11 IST" duration-ms="30883" status="PASS">
          <reporter-output>
          </reporter-output>
        </test-method> <!-- searchForFormalShirts -->
        <test-method is-config="true" signature="tearDown()[pri:0, instance:testcases.MenTestCases@3e27ba32]" started-at="2022-08-18T18:24:11 IST" name="tearDown" finished-at="2022-08-18T18:24:13 IST" duration-ms="2433" status="PASS">
          <reporter-output>
          </reporter-output>
        </test-method> <!-- tearDown -->
      </class> <!-- testcases.MenTestCases -->
    </test> <!-- Default test -->
  </suite> <!-- Default suite -->
</testng-results>
