<?xml version="1.0" encoding="UTF-8"?>
<testng-results ignored="1" total="2" passed="1" failed="0" skipped="0">
  <reporter-output>
  </reporter-output>
  <suite started-at="2022-09-14T14:07:45 IST" name="Default suite" finished-at="2022-09-14T14:08:21 IST" duration-ms="35945">
    <groups>
    </groups>
    <test started-at="2022-09-14T14:07:45 IST" name="Default test" finished-at="2022-09-14T14:08:21 IST" duration-ms="35945">
      <class name="testcases.MenTestCases">
        <test-method is-config="true" signature="setUp(java.lang.String)[pri:0, instance:testcases.MenTestCases@3c77d488]" started-at="2022-09-14T14:07:45 IST" name="setUp" finished-at="2022-09-14T14:07:47 IST" duration-ms="1737" status="PASS">
          <params>
            <param index="0">
              <value is-null="true"/>
            </param>
          </params>
          <reporter-output>
          </reporter-output>
        </test-method> <!-- setUp -->
        <test-method signature="searchForFormalShirts()[pri:0, instance:testcases.MenTestCases@3c77d488]" started-at="2022-09-14T14:07:47 IST" name="searchForFormalShirts" finished-at="2022-09-14T14:08:19 IST" duration-ms="31746" status="PASS">
          <reporter-output>
          </reporter-output>
        </test-method> <!-- searchForFormalShirts -->
        <test-method is-config="true" signature="tearDown()[pri:0, instance:testcases.MenTestCases@3c77d488]" started-at="2022-09-14T14:08:19 IST" name="tearDown" finished-at="2022-09-14T14:08:21 IST" duration-ms="2424" status="PASS">
          <reporter-output>
          </reporter-output>
        </test-method> <!-- tearDown -->
      </class> <!-- testcases.MenTestCases -->
    </test> <!-- Default test -->
  </suite> <!-- Default suite -->
</testng-results>
